<?xml version="1.0" encoding="UTF-8"?>
<testsuite xmlns:xsi="http://www.w3.org/2001/XMLSchema-instance" xsi:noNamespaceSchemaLocation="https://maven.apache.org/surefire/maven-surefire-plugin/xsd/surefire-test-report.xsd" name="TestSuite" time="258.831" tests="9" errors="0" skipped="0" failures="0">
  <properties>
    <property name="sun.desktop" value="gnome"/>
    <property name="awt.toolkit" value="sun.awt.X11.XToolkit"/>
    <property name="file.encoding.pkg" value="sun.io"/>
    <property name="java.specification.version" value="1.8"/>
    <property name="sun.cpu.isalist" value=""/>
    <property name="sun.jnu.encoding" value="UTF-8"/>
    <property name="java.class.path" value="/home/dmitriy/Projects/eDocumentsAndReports/target/classes:/home/dmitriy/Projects/eDocumentsAndReports/target/classes:/home/dmitriy/.m2/repository/com/codeborne/selenide/5.0.1/selenide-5.0.1.jar:/home/dmitriy/.m2/repository/org/seleniumhq/selenium/selenium-java/3.141.5/selenium-java-3.141.5.jar:/home/dmitriy/.m2/repository/org/seleniumhq/selenium/selenium-api/3.141.5/selenium-api-3.141.5.jar:/home/dmitriy/.m2/repository/org/seleniumhq/selenium/selenium-chrome-driver/3.141.5/selenium-chrome-driver-3.141.5.jar:/home/dmitriy/.m2/repository/org/seleniumhq/selenium/selenium-edge-driver/3.141.5/selenium-edge-driver-3.141.5.jar:/home/dmitriy/.m2/repository/org/seleniumhq/selenium/selenium-firefox-driver/3.141.5/selenium-firefox-driver-3.141.5.jar:/home/dmitriy/.m2/repository/org/seleniumhq/selenium/selenium-ie-driver/3.141.5/selenium-ie-driver-3.141.5.jar:/home/dmitriy/.m2/repository/org/seleniumhq/selenium/selenium-opera-driver/3.141.5/selenium-opera-driver-3.141.5.jar:/home/dmitriy/.m2/repository/org/seleniumhq/selenium/selenium-remote-driver/3.141.5/selenium-remote-driver-3.141.5.jar:/home/dmitriy/.m2/repository/org/seleniumhq/selenium/selenium-safari-driver/3.141.5/selenium-safari-driver-3.141.5.jar:/home/dmitriy/.m2/repository/org/seleniumhq/selenium/selenium-support/3.141.5/selenium-support-3.141.5.jar:/home/dmitriy/.m2/repository/net/bytebuddy/byte-buddy/1.8.15/byte-buddy-1.8.15.jar:/home/dmitriy/.m2/repository/org/apache/commons/commons-exec/1.3/commons-exec-1.3.jar:/home/dmitriy/.m2/repository/com/google/guava/guava/25.0-jre/guava-25.0-jre.jar:/home/dmitriy/.m2/repository/com/google/code/findbugs/jsr305/1.3.9/jsr305-1.3.9.jar:/home/dmitriy/.m2/repository/org/checkerframework/checker-compat-qual/2.0.0/checker-compat-qual-2.0.0.jar:/home/dmitriy/.m2/repository/com/google/errorprone/error_prone_annotations/2.1.3/error_prone_annotations-2.1.3.jar:/home/dmitriy/.m2/repository/com/google/j2objc/j2objc-annotations/1.1/j2objc-annotations-1.1.jar:/home/dmitriy/.m2/repository/org/codehaus/mojo/animal-sniffer-annotations/1.14/animal-sniffer-annotations-1.14.jar:/home/dmitriy/.m2/repository/com/squareup/okhttp3/okhttp/3.11.0/okhttp-3.11.0.jar:/home/dmitriy/.m2/repository/com/squareup/okio/okio/1.14.0/okio-1.14.0.jar:/home/dmitriy/.m2/repository/io/github/bonigarcia/webdrivermanager/3.0.0/webdrivermanager-3.0.0.jar:/home/dmitriy/.m2/repository/org/slf4j/slf4j-api/1.7.25/slf4j-api-1.7.25.jar:/home/dmitriy/.m2/repository/commons-io/commons-io/2.6/commons-io-2.6.jar:/home/dmitriy/.m2/repository/com/google/code/gson/gson/2.8.5/gson-2.8.5.jar:/home/dmitriy/.m2/repository/org/apache/commons/commons-lang3/3.7/commons-lang3-3.7.jar:/home/dmitriy/.m2/repository/org/apache/httpcomponents/httpclient/4.5.5/httpclient-4.5.5.jar:/home/dmitriy/.m2/repository/org/apache/httpcomponents/httpcore/4.4.9/httpcore-4.4.9.jar:/home/dmitriy/.m2/repository/commons-logging/commons-logging/1.2/commons-logging-1.2.jar:/home/dmitriy/.m2/repository/commons-codec/commons-codec/1.10/commons-codec-1.10.jar:/home/dmitriy/.m2/repository/org/rauschig/jarchivelib/0.8.0/jarchivelib-0.8.0.jar:/home/dmitriy/.m2/repository/org/apache/commons/commons-compress/1.14/commons-compress-1.14.jar:/home/dmitriy/.m2/repository/org/jsoup/jsoup/1.11.3/jsoup-1.11.3.jar:/home/dmitriy/.m2/repository/net/lightbody/bmp/browsermob-core/2.1.5/browsermob-core-2.1.5.jar:/home/dmitriy/.m2/repository/net/lightbody/bmp/littleproxy/1.1.0-beta-bmp-17/littleproxy-1.1.0-beta-bmp-17.jar:/home/dmitriy/.m2/repository/com/fasterxml/jackson/core/jackson-core/2.8.9/jackson-core-2.8.9.jar:/home/dmitriy/.m2/repository/com/fasterxml/jackson/core/jackson-databind/2.8.9/jackson-databind-2.8.9.jar:/home/dmitriy/.m2/repository/com/fasterxml/jackson/core/jackson-annotations/2.8.9/jackson-annotations-2.8.9.jar:/home/dmitriy/.m2/repository/dnsjava/dnsjava/2.1.8/dnsjava-2.1.8.jar:/home/dmitriy/.m2/repository/org/slf4j/jcl-over-slf4j/1.7.25/jcl-over-slf4j-1.7.25.jar:/home/dmitriy/.m2/repository/com/jcraft/jzlib/1.1.3/jzlib-1.1.3.jar:/home/dmitriy/.m2/repository/io/netty/netty-all/4.0.51.Final/netty-all-4.0.51.Final.jar:/home/dmitriy/.m2/repository/org/bouncycastle/bcprov-jdk15on/1.58/bcprov-jdk15on-1.58.jar:/home/dmitriy/.m2/repository/org/bouncycastle/bcpkix-jdk15on/1.58/bcpkix-jdk15on-1.58.jar:/home/dmitriy/.m2/repository/net/lightbody/bmp/mitm/2.1.5/mitm-2.1.5.jar:/home/dmitriy/.m2/repository/log4j/log4j/1.2.17/log4j-1.2.17.jar:/home/dmitriy/.m2/repository/io/qameta/allure/allure-testng/2.8.0/allure-testng-2.8.0.jar:/home/dmitriy/.m2/repository/io/qameta/allure/allure-descriptions-javadoc/2.8.0/allure-descriptions-javadoc-2.8.0.jar:/home/dmitriy/.m2/repository/io/qameta/allure/allure-java-commons/2.8.0/allure-java-commons-2.8.0.jar:/home/dmitriy/.m2/repository/io/qameta/allure/allure-model/2.8.0/allure-model-2.8.0.jar:/home/dmitriy/.m2/repository/org/apache/tika/tika-core/1.19.1/tika-core-1.19.1.jar:/home/dmitriy/.m2/repository/org/aspectj/aspectjrt/1.9.1/aspectjrt-1.9.1.jar:/home/dmitriy/.m2/repository/org/jooq/joor-java-8/0.9.9/joor-java-8-0.9.9.jar:/home/dmitriy/.m2/repository/org/projectlombok/lombok/1.16.20/lombok-1.16.20.jar:/home/dmitriy/.m2/repository/org/aeonbits/owner/owner/1.0.9/owner-1.0.9.jar:/home/dmitriy/.m2/repository/org/testng/testng/7.0.0-beta1/testng-7.0.0-beta1.jar:/home/dmitriy/.m2/repository/com/beust/jcommander/1.72/jcommander-1.72.jar:/home/dmitriy/.m2/repository/io/qameta/allure/allure-assertj/2.8.0/allure-assertj-2.8.0.jar:/home/dmitriy/.m2/repository/org/assertj/assertj-core/3.11.1/assertj-core-3.11.1.jar:/home/dmitriy/.m2/repository/org/hamcrest/hamcrest-all/1.3/hamcrest-all-1.3.jar:/home/dmitriy/.m2/repository/org/apache/maven/surefire/surefire-testng-utils/2.21.0/surefire-testng-utils-2.21.0.jar:/home/dmitriy/.m2/repository/org/apache/maven/surefire/surefire-grouper/2.21.0/surefire-grouper-2.21.0.jar:"/>
    <property name="java.vm.vendor" value="Oracle Corporation"/>
    <property name="sun.arch.data.model" value="64"/>
    <property name="java.vendor.url" value="http://java.oracle.com/"/>
    <property name="user.timezone" value=""/>
    <property name="java.vm.specification.version" value="1.8"/>
    <property name="os.name" value="Linux"/>
    <property name="user.country" value="RU"/>
    <property name="sun.java.launcher" value="SUN_STANDARD"/>
    <property name="sun.boot.library.path" value="/usr/lib/jvm/java-8-openjdk-amd64/jre/lib/amd64"/>
    <property name="sun.java.command" value="/home/dmitriy/Projects/eDocumentsAndReports/target/surefire/surefirebooter9075194985953393434.jar /home/dmitriy/Projects/eDocumentsAndReports/target/surefire 2019-02-11T11-58-12_056-jvmRun1 surefire8314020378345231607tmp surefire_03891249652241049618tmp"/>
    <property name="surefire.test.class.path" value="/home/dmitriy/Projects/eDocumentsAndReports/target/classes:/home/dmitriy/Projects/eDocumentsAndReports/target/classes:/home/dmitriy/.m2/repository/com/codeborne/selenide/5.0.1/selenide-5.0.1.jar:/home/dmitriy/.m2/repository/org/seleniumhq/selenium/selenium-java/3.141.5/selenium-java-3.141.5.jar:/home/dmitriy/.m2/repository/org/seleniumhq/selenium/selenium-api/3.141.5/selenium-api-3.141.5.jar:/home/dmitriy/.m2/repository/org/seleniumhq/selenium/selenium-chrome-driver/3.141.5/selenium-chrome-driver-3.141.5.jar:/home/dmitriy/.m2/repository/org/seleniumhq/selenium/selenium-edge-driver/3.141.5/selenium-edge-driver-3.141.5.jar:/home/dmitriy/.m2/repository/org/seleniumhq/selenium/selenium-firefox-driver/3.141.5/selenium-firefox-driver-3.141.5.jar:/home/dmitriy/.m2/repository/org/seleniumhq/selenium/selenium-ie-driver/3.141.5/selenium-ie-driver-3.141.5.jar:/home/dmitriy/.m2/repository/org/seleniumhq/selenium/selenium-opera-driver/3.141.5/selenium-opera-driver-3.141.5.jar:/home/dmitriy/.m2/repository/org/seleniumhq/selenium/selenium-remote-driver/3.141.5/selenium-remote-driver-3.141.5.jar:/home/dmitriy/.m2/repository/org/seleniumhq/selenium/selenium-safari-driver/3.141.5/selenium-safari-driver-3.141.5.jar:/home/dmitriy/.m2/repository/org/seleniumhq/selenium/selenium-support/3.141.5/selenium-support-3.141.5.jar:/home/dmitriy/.m2/repository/net/bytebuddy/byte-buddy/1.8.15/byte-buddy-1.8.15.jar:/home/dmitriy/.m2/repository/org/apache/commons/commons-exec/1.3/commons-exec-1.3.jar:/home/dmitriy/.m2/repository/com/google/guava/guava/25.0-jre/guava-25.0-jre.jar:/home/dmitriy/.m2/repository/com/google/code/findbugs/jsr305/1.3.9/jsr305-1.3.9.jar:/home/dmitriy/.m2/repository/org/checkerframework/checker-compat-qual/2.0.0/checker-compat-qual-2.0.0.jar:/home/dmitriy/.m2/repository/com/google/errorprone/error_prone_annotations/2.1.3/error_prone_annotations-2.1.3.jar:/home/dmitriy/.m2/repository/com/google/j2objc/j2objc-annotations/1.1/j2objc-annotations-1.1.jar:/home/dmitriy/.m2/repository/org/codehaus/mojo/animal-sniffer-annotations/1.14/animal-sniffer-annotations-1.14.jar:/home/dmitriy/.m2/repository/com/squareup/okhttp3/okhttp/3.11.0/okhttp-3.11.0.jar:/home/dmitriy/.m2/repository/com/squareup/okio/okio/1.14.0/okio-1.14.0.jar:/home/dmitriy/.m2/repository/io/github/bonigarcia/webdrivermanager/3.0.0/webdrivermanager-3.0.0.jar:/home/dmitriy/.m2/repository/org/slf4j/slf4j-api/1.7.25/slf4j-api-1.7.25.jar:/home/dmitriy/.m2/repository/commons-io/commons-io/2.6/commons-io-2.6.jar:/home/dmitriy/.m2/repository/com/google/code/gson/gson/2.8.5/gson-2.8.5.jar:/home/dmitriy/.m2/repository/org/apache/commons/commons-lang3/3.7/commons-lang3-3.7.jar:/home/dmitriy/.m2/repository/org/apache/httpcomponents/httpclient/4.5.5/httpclient-4.5.5.jar:/home/dmitriy/.m2/repository/org/apache/httpcomponents/httpcore/4.4.9/httpcore-4.4.9.jar:/home/dmitriy/.m2/repository/commons-logging/commons-logging/1.2/commons-logging-1.2.jar:/home/dmitriy/.m2/repository/commons-codec/commons-codec/1.10/commons-codec-1.10.jar:/home/dmitriy/.m2/repository/org/rauschig/jarchivelib/0.8.0/jarchivelib-0.8.0.jar:/home/dmitriy/.m2/repository/org/apache/commons/commons-compress/1.14/commons-compress-1.14.jar:/home/dmitriy/.m2/repository/org/jsoup/jsoup/1.11.3/jsoup-1.11.3.jar:/home/dmitriy/.m2/repository/net/lightbody/bmp/browsermob-core/2.1.5/browsermob-core-2.1.5.jar:/home/dmitriy/.m2/repository/net/lightbody/bmp/littleproxy/1.1.0-beta-bmp-17/littleproxy-1.1.0-beta-bmp-17.jar:/home/dmitriy/.m2/repository/com/fasterxml/jackson/core/jackson-core/2.8.9/jackson-core-2.8.9.jar:/home/dmitriy/.m2/repository/com/fasterxml/jackson/core/jackson-databind/2.8.9/jackson-databind-2.8.9.jar:/home/dmitriy/.m2/repository/com/fasterxml/jackson/core/jackson-annotations/2.8.9/jackson-annotations-2.8.9.jar:/home/dmitriy/.m2/repository/dnsjava/dnsjava/2.1.8/dnsjava-2.1.8.jar:/home/dmitriy/.m2/repository/org/slf4j/jcl-over-slf4j/1.7.25/jcl-over-slf4j-1.7.25.jar:/home/dmitriy/.m2/repository/com/jcraft/jzlib/1.1.3/jzlib-1.1.3.jar:/home/dmitriy/.m2/repository/io/netty/netty-all/4.0.51.Final/netty-all-4.0.51.Final.jar:/home/dmitriy/.m2/repository/org/bouncycastle/bcprov-jdk15on/1.58/bcprov-jdk15on-1.58.jar:/home/dmitriy/.m2/repository/org/bouncycastle/bcpkix-jdk15on/1.58/bcpkix-jdk15on-1.58.jar:/home/dmitriy/.m2/repository/net/lightbody/bmp/mitm/2.1.5/mitm-2.1.5.jar:/home/dmitriy/.m2/repository/log4j/log4j/1.2.17/log4j-1.2.17.jar:/home/dmitriy/.m2/repository/io/qameta/allure/allure-testng/2.8.0/allure-testng-2.8.0.jar:/home/dmitriy/.m2/repository/io/qameta/allure/allure-descriptions-javadoc/2.8.0/allure-descriptions-javadoc-2.8.0.jar:/home/dmitriy/.m2/repository/io/qameta/allure/allure-java-commons/2.8.0/allure-java-commons-2.8.0.jar:/home/dmitriy/.m2/repository/io/qameta/allure/allure-model/2.8.0/allure-model-2.8.0.jar:/home/dmitriy/.m2/repository/org/apache/tika/tika-core/1.19.1/tika-core-1.19.1.jar:/home/dmitriy/.m2/repository/org/aspectj/aspectjrt/1.9.1/aspectjrt-1.9.1.jar:/home/dmitriy/.m2/repository/org/jooq/joor-java-8/0.9.9/joor-java-8-0.9.9.jar:/home/dmitriy/.m2/repository/org/projectlombok/lombok/1.16.20/lombok-1.16.20.jar:/home/dmitriy/.m2/repository/org/aeonbits/owner/owner/1.0.9/owner-1.0.9.jar:/home/dmitriy/.m2/repository/org/testng/testng/7.0.0-beta1/testng-7.0.0-beta1.jar:/home/dmitriy/.m2/repository/com/beust/jcommander/1.72/jcommander-1.72.jar:/home/dmitriy/.m2/repository/io/qameta/allure/allure-assertj/2.8.0/allure-assertj-2.8.0.jar:/home/dmitriy/.m2/repository/org/assertj/assertj-core/3.11.1/assertj-core-3.11.1.jar:/home/dmitriy/.m2/repository/org/hamcrest/hamcrest-all/1.3/hamcrest-all-1.3.jar:/home/dmitriy/.m2/repository/org/apache/maven/surefire/surefire-testng-utils/2.21.0/surefire-testng-utils-2.21.0.jar:/home/dmitriy/.m2/repository/org/apache/maven/surefire/surefire-grouper/2.21.0/surefire-grouper-2.21.0.jar:"/>
    <property name="sun.cpu.endian" value="little"/>
    <property name="allure.results.directory" value="/home/dmitriy/Projects/eDocumentsAndReports/target/allure-results"/>
    <property name="user.home" value="/home/dmitriy"/>
    <property name="user.language" value="ru"/>
    <property name="java.specification.vendor" value="Oracle Corporation"/>
    <property name="java.home" value="/usr/lib/jvm/java-8-openjdk-amd64/jre"/>
    <property name="basedir" value="/home/dmitriy/Projects/eDocumentsAndReports"/>
    <property name="file.separator" value="/"/>
    <property name="line.separator" value="&#10;"/>
    <property name="java.vm.specification.vendor" value="Oracle Corporation"/>
    <property name="java.specification.name" value="Java Platform API Specification"/>
    <property name="java.awt.graphicsenv" value="sun.awt.X11GraphicsEnvironment"/>
    <property name="surefire.real.class.path" value="/home/dmitriy/Projects/eDocumentsAndReports/target/surefire/surefirebooter9075194985953393434.jar:/home/dmitriy/.m2/repository/org/aspectj/aspectjweaver/1.8.10/aspectjweaver-1.8.10.jar"/>
    <property name="sun.boot.class.path" value="/usr/lib/jvm/java-8-openjdk-amd64/jre/lib/resources.jar:/usr/lib/jvm/java-8-openjdk-amd64/jre/lib/rt.jar:/usr/lib/jvm/java-8-openjdk-amd64/jre/lib/sunrsasign.jar:/usr/lib/jvm/java-8-openjdk-amd64/jre/lib/jsse.jar:/usr/lib/jvm/java-8-openjdk-amd64/jre/lib/jce.jar:/usr/lib/jvm/java-8-openjdk-amd64/jre/lib/charsets.jar:/usr/lib/jvm/java-8-openjdk-amd64/jre/lib/jfr.jar:/usr/lib/jvm/java-8-openjdk-amd64/jre/classes"/>
    <property name="sun.management.compiler" value="HotSpot 64-Bit Tiered Compilers"/>
    <property name="java.runtime.version" value="1.8.0_191-8u191-b12-2ubuntu0.18.04.1-b12"/>
    <property name="user.name" value="dmitriy"/>
    <property name="path.separator" value=":"/>
    <property name="os.version" value="4.15.0-45-generic"/>
    <property name="java.endorsed.dirs" value="/usr/lib/jvm/java-8-openjdk-amd64/jre/lib/endorsed"/>
    <property name="java.runtime.name" value="OpenJDK Runtime Environment"/>
    <property name="file.encoding" value="UTF-8"/>
    <property name="java.vm.name" value="OpenJDK 64-Bit Server VM"/>
    <property name="localRepository" value="/home/dmitriy/.m2/repository"/>
    <property name="java.vendor.url.bug" value="http://bugreport.sun.com/bugreport/"/>
    <property name="java.io.tmpdir" value="/tmp"/>
    <property name="idea.version" value="2018.2.6"/>
    <property name="java.version" value="1.8.0_191"/>
    <property name="user.dir" value="/home/dmitriy/Projects/eDocumentsAndReports"/>
    <property name="os.arch" value="amd64"/>
    <property name="java.vm.specification.name" value="Java Virtual Machine Specification"/>
    <property name="java.awt.printerjob" value="sun.print.PSPrinterJob"/>
    <property name="sun.os.patch.level" value="unknown"/>
    <property name="java.library.path" value="/usr/java/packages/lib/amd64:/usr/lib/x86_64-linux-gnu/jni:/lib/x86_64-linux-gnu:/usr/lib/x86_64-linux-gnu:/usr/lib/jni:/lib:/usr/lib"/>
    <property name="java.vm.info" value="mixed mode"/>
    <property name="java.vendor" value="Oracle Corporation"/>
    <property name="java.vm.version" value="25.191-b12"/>
    <property name="java.ext.dirs" value="/usr/lib/jvm/java-8-openjdk-amd64/jre/lib/ext:/usr/java/packages/lib/ext"/>
    <property name="sun.io.unicode.encoding" value="UnicodeLittle"/>
    <property name="java.class.version" value="52.0"/>
  </properties>
  <testcase name="checkAddVersion" classname="tests.TestRunner" time="3.75"/>
  <testcase name="checkCopyDocumentWithVersion" classname="tests.TestRunner" time="16.88"/>
  <testcase name="checkCopyDocumentWithoutVersion" classname="tests.TestRunner" time="16.087"/>
  <testcase name="checkCopyReport" classname="tests.TestRunner" time="30.037"/>
  <testcase name="checkSearchOnDocsTypes" classname="tests.TestRunner" time="4.659"/>
  <testcase name="createNewDocument" classname="tests.TestRunner" time="10.962"/>
  <testcase name="createNewDocumentWithVersion" classname="tests.TestRunner" time="11.604"/>
  <testcase name="createNewReportDeclarationJ0301206" classname="tests.TestRunner" time="42.883"/>
  <testcase name="createNewReportDeclarationS0501408" classname="tests.TestRunner" time="101.061"/>
</testsuite>