<?xml version="1.0" encoding="UTF-8"?>
<!-- Generated by org.testng.reporters.JUnitReportReporter -->
<testsuite skipped="2" hostname="dmitriy-System-Product-Name" name="tests.TestRunner" tests="11" failures="0" timestamp="2019-02-11T12:02:31 EET" time="257.278" errors="0">
  <testcase name="createNewDocument" time="12.751" classname="tests.TestRunner"/>
  <testcase name="createNewReportDeclarationJ0301206" time="44.572" classname="tests.TestRunner"/>
  <testcase name="checkCopyDocumentWithVersion" time="18.351" classname="tests.TestRunner"/>
  <testcase name="checkSearchOnDocsTypes" time="11.438" classname="tests.TestRunner"/>
  <testcase name="createNewDocumentWithVersion" time="12.968" classname="tests.TestRunner"/>
  <testcase name="createNewReportDeclarationS0501408" time="102.437" classname="tests.TestRunner"/>
  <testcase name="checkAddVersion" time="5.106" classname="tests.TestRunner"/>
  <testcase name="checkCopyDocumentWithoutVersion" time="17.966" classname="tests.TestRunner"/>
  <testcase name="checkCopyReport" time="31.689" classname="tests.TestRunner"/>
  <testcase name="checkSortedDesc" classname="tests.TestRunner">
    <skipped/>
  </testcase> <!-- checkSortedDesc -->
  <testcase name="checkSortedAsc" classname="tests.TestRunner">
    <skipped/>
  </testcase> <!-- checkSortedAsc -->
</testsuite> <!-- tests.TestRunner -->
